<?xml version="1.0" encoding="UTF-8"?>
<!-- Generated by org.testng.reporters.JUnitReportReporter -->
<testsuite hostname="DESKTOP-D587OD5" failures="0" tests="2" name="qaclickacademy.Mavenjava.RestApiTest" time="0.066" errors="0" timestamp="2021-06-03T01:44:27 GMT-07:00" skipped="0">
  <testcase classname="qaclickacademy.Mavenjava.RestApiTest" name="postJira" time="0.010"/>
  <system-out/>
  <testcase classname="qaclickacademy.Mavenjava.RestApiTest" name="deletedTwitter" time="0.056"/>
  <system-out/>
</testsuite> <!-- qaclickacademy.Mavenjava.RestApiTest -->
