<?xml version="1.0" encoding="UTF-8"?>
<!-- Generated by org.testng.reporters.JUnitReportReporter -->
<testsuite hostname="DESKTOP-D587OD5" failures="0" tests="2" name="qaclickacademy.Mavenjava.AppaiumTest" time="0.173" errors="0" timestamp="2021-06-03T01:44:27 GMT-07:00" skipped="0">
  <testcase classname="qaclickacademy.Mavenjava.AppaiumTest" name="iosApp" time="0.026"/>
  <system-out/>
  <testcase classname="qaclickacademy.Mavenjava.AppaiumTest" name="nativeApp" time="0.147"/>
  <system-out/>
</testsuite> <!-- qaclickacademy.Mavenjava.AppaiumTest -->
