<?xml version="1.0" encoding="UTF-8"?>
<!-- Generated by org.testng.reporters.JUnitReportReporter -->
<testsuite skipped="0" hostname="DESKTOP-D587OD5" name="qaclickacademy.Mavenjava.RestApiTest" tests="2" failures="0" timestamp="2021-06-07T01:16:13 PDT" time="0.004" errors="0">
  <testcase name="deletedTwitter" time="0.002" classname="qaclickacademy.Mavenjava.RestApiTest"/>
  <system-out/>
  <testcase name="postJira" time="0.002" classname="qaclickacademy.Mavenjava.RestApiTest"/>
  <system-out/>
</testsuite> <!-- qaclickacademy.Mavenjava.RestApiTest -->
