<?xml version="1.0" encoding="UTF-8"?>
<!-- Generated by org.testng.reporters.JUnitReportReporter -->
<testsuite skipped="0" hostname="DESKTOP-D587OD5" name="qaclickacademy.Mavenjava.AppaiumTest" tests="2" failures="0" timestamp="2021-06-07T01:16:13 PDT" time="0.041" errors="0">
  <testcase name="iosApp" time="0.025" classname="qaclickacademy.Mavenjava.AppaiumTest"/>
  <system-out/>
  <testcase name="nativeApp" time="0.016" classname="qaclickacademy.Mavenjava.AppaiumTest"/>
  <system-out/>
</testsuite> <!-- qaclickacademy.Mavenjava.AppaiumTest -->
